<?xml version="1.0" encoding="UTF-8"?>
<!-- Generated by org.testng.reporters.JUnitReportReporter -->
<testsuite hostname="Aseel_Masri" failures="0" tests="1" name="tests.test" time="5.783" errors="0" timestamp="2024-05-20T11:04:48 EEST" skipped="0">
  <testcase classname="tests.test" name="searchTest" time="5.783"/>
  <system-out/>
</testsuite> <!-- tests.test -->
